mode: set
github.com/ffreville/mmo-team-test/server/cmd/game-server/main.go:9.13,11.16 2 0
github.com/ffreville/mmo-team-test/server/cmd/game-server/main.go:11.16,13.3 1 0
github.com/ffreville/mmo-team-test/server/cmd/game-server/main.go:15.2,25.9 3 0
github.com/ffreville/mmo-team-test/server/cmd/auth-server/main.go:9.13,11.16 2 0
github.com/ffreville/mmo-team-test/server/cmd/auth-server/main.go:11.16,13.3 1 0
github.com/ffreville/mmo-team-test/server/cmd/auth-server/main.go:15.2,24.9 3 0
github.com/ffreville/mmo-team-test/server/cmd/gateway/main.go:20.13,22.16 2 0
github.com/ffreville/mmo-team-test/server/cmd/gateway/main.go:22.16,24.3 1 0
github.com/ffreville/mmo-team-test/server/cmd/gateway/main.go:26.2,33.29 6 0
github.com/ffreville/mmo-team-test/server/cmd/gateway/main.go:33.29,44.17 2 0
github.com/ffreville/mmo-team-test/server/cmd/gateway/main.go:44.17,47.4 2 0
github.com/ffreville/mmo-team-test/server/cmd/gateway/main.go:50.2,50.26 1 0
github.com/ffreville/mmo-team-test/server/cmd/gateway/main.go:50.26,57.17 2 0
github.com/ffreville/mmo-team-test/server/cmd/gateway/main.go:57.17,60.4 2 0
github.com/ffreville/mmo-team-test/server/cmd/gateway/main.go:63.2,63.37 1 0
github.com/ffreville/mmo-team-test/server/cmd/gateway/main.go:63.37,70.3 1 0
github.com/ffreville/mmo-team-test/server/cmd/gateway/main.go:72.2,76.70 3 0
github.com/ffreville/mmo-team-test/server/cmd/gateway/main.go:76.70,78.17 2 0
github.com/ffreville/mmo-team-test/server/cmd/gateway/main.go:78.17,81.4 2 0
github.com/ffreville/mmo-team-test/server/cmd/gateway/main.go:82.3,82.33 1 0
github.com/ffreville/mmo-team-test/server/cmd/gateway/main.go:85.2,85.74 1 0
github.com/ffreville/mmo-team-test/server/cmd/gateway/main.go:85.74,88.3 2 0
github.com/ffreville/mmo-team-test/server/cmd/gateway/main.go:90.2,96.12 2 0
github.com/ffreville/mmo-team-test/server/cmd/gateway/main.go:96.12,98.80 2 0
github.com/ffreville/mmo-team-test/server/cmd/gateway/main.go:98.80,100.4 1 0
github.com/ffreville/mmo-team-test/server/cmd/gateway/main.go:103.2,113.32 8 0
github.com/ffreville/mmo-team-test/server/cmd/gateway/main.go:119.46,119.61 1 0
github.com/ffreville/mmo-team-test/server/internal/config/config.go:64.47,68.45 3 0
github.com/ffreville/mmo-team-test/server/internal/config/config.go:68.45,70.3 1 0
github.com/ffreville/mmo-team-test/server/internal/config/config.go:72.2,73.46 2 0
github.com/ffreville/mmo-team-test/server/internal/config/config.go:73.46,75.3 1 0
github.com/ffreville/mmo-team-test/server/internal/config/config.go:77.2,77.18 1 0
github.com/ffreville/mmo-team-test/server/internal/database/postgres.go:16.176,21.16 3 0
github.com/ffreville/mmo-team-test/server/internal/database/postgres.go:21.16,23.3 1 0
github.com/ffreville/mmo-team-test/server/internal/database/postgres.go:25.2,30.16 5 0
github.com/ffreville/mmo-team-test/server/internal/database/postgres.go:30.16,32.3 1 0
github.com/ffreville/mmo-team-test/server/internal/database/postgres.go:35.2,38.39 3 0
github.com/ffreville/mmo-team-test/server/internal/database/postgres.go:38.39,40.3 1 0
github.com/ffreville/mmo-team-test/server/internal/database/postgres.go:42.2,44.37 2 0
github.com/ffreville/mmo-team-test/server/internal/database/postgres.go:47.31,50.2 2 0
github.com/ffreville/mmo-team-test/server/internal/database/postgres.go:52.44,54.2 1 0
github.com/ffreville/mmo-team-test/server/internal/database/redis.go:17.91,27.47 3 0
github.com/ffreville/mmo-team-test/server/internal/database/redis.go:27.47,29.3 1 0
github.com/ffreville/mmo-team-test/server/internal/database/redis.go:31.2,33.52 2 0
github.com/ffreville/mmo-team-test/server/internal/database/redis.go:36.31,39.2 2 0
github.com/ffreville/mmo-team-test/server/internal/database/redis.go:41.46,43.2 1 0
github.com/ffreville/mmo-team-test/server/internal/database/redis.go:45.91,48.2 2 0
github.com/ffreville/mmo-team-test/server/internal/database/redis.go:50.65,53.2 2 0
github.com/ffreville/mmo-team-test/server/internal/database/redis.go:55.58,58.2 2 0
github.com/ffreville/mmo-team-test/server/internal/database/redis.go:60.95,62.16 2 0
github.com/ffreville/mmo-team-test/server/internal/database/redis.go:62.16,64.3 1 0
github.com/ffreville/mmo-team-test/server/internal/database/redis.go:66.2,66.18 1 0
github.com/ffreville/mmo-team-test/server/internal/database/redis.go:66.18,67.67 1 0
github.com/ffreville/mmo-team-test/server/internal/database/redis.go:67.67,69.4 1 0
github.com/ffreville/mmo-team-test/server/internal/database/redis.go:72.2,72.37 1 0
github.com/ffreville/mmo-team-test/server/internal/game/world/world.go:57.24,78.2 1 0
github.com/ffreville/mmo-team-test/server/internal/game/world/world.go:80.92,81.16 1 0
github.com/ffreville/mmo-team-test/server/internal/game/world/world.go:81.16,83.3 1 0
github.com/ffreville/mmo-team-test/server/internal/game/world/world.go:85.2,85.20 1 0
github.com/ffreville/mmo-team-test/server/internal/game/world/world.go:85.20,87.3 1 0
github.com/ffreville/mmo-team-test/server/internal/game/world/world.go:89.2,95.30 2 0
github.com/ffreville/mmo-team-test/server/internal/game/world/world.go:95.30,97.3 1 0
github.com/ffreville/mmo-team-test/server/internal/game/world/world.go:99.2,135.23 9 0
github.com/ffreville/mmo-team-test/server/internal/game/world/world.go:138.67,143.36 4 0
github.com/ffreville/mmo-team-test/server/internal/game/world/world.go:143.36,144.28 1 0
github.com/ffreville/mmo-team-test/server/internal/game/world/world.go:144.28,146.4 1 0
github.com/ffreville/mmo-team-test/server/internal/game/world/world.go:149.2,149.19 1 0
github.com/ffreville/mmo-team-test/server/internal/game/world/world.go:152.84,157.9 4 0
github.com/ffreville/mmo-team-test/server/internal/game/world/world.go:157.9,159.3 1 0
github.com/ffreville/mmo-team-test/server/internal/game/world/world.go:161.2,161.74 1 0
github.com/ffreville/mmo-team-test/server/internal/game/world/world.go:161.74,163.3 1 0
github.com/ffreville/mmo-team-test/server/internal/game/world/world.go:165.2,173.12 8 0
github.com/ffreville/mmo-team-test/server/internal/game/world/world.go:176.87,178.9 2 0
github.com/ffreville/mmo-team-test/server/internal/game/world/world.go:178.9,180.3 1 0
github.com/ffreville/mmo-team-test/server/internal/game/world/world.go:182.2,182.62 1 0
github.com/ffreville/mmo-team-test/server/internal/game/world/world.go:182.62,184.3 1 0
github.com/ffreville/mmo-team-test/server/internal/game/world/world.go:186.2,186.62 1 0
github.com/ffreville/mmo-team-test/server/internal/game/world/world.go:186.62,188.3 1 0
github.com/ffreville/mmo-team-test/server/internal/game/world/world.go:190.2,190.62 1 0
github.com/ffreville/mmo-team-test/server/internal/game/world/world.go:190.62,192.3 1 0
github.com/ffreville/mmo-team-test/server/internal/game/world/world.go:194.2,197.28 3 0
github.com/ffreville/mmo-team-test/server/internal/game/world/world.go:197.28,199.3 1 0
github.com/ffreville/mmo-team-test/server/internal/game/world/world.go:201.2,201.12 1 0
github.com/ffreville/mmo-team-test/server/internal/game/world/world.go:204.58,208.41 3 0
github.com/ffreville/mmo-team-test/server/internal/game/world/world.go:208.41,210.3 1 0
github.com/ffreville/mmo-team-test/server/internal/game/world/world.go:212.2,212.34 1 0
github.com/ffreville/mmo-team-test/server/internal/game/world/world.go:215.50,219.2 3 0
github.com/ffreville/mmo-team-test/server/internal/game/world/world.go:221.46,223.2 1 0
github.com/ffreville/mmo-team-test/server/internal/game/world/world.go:225.54,230.2 4 0
github.com/ffreville/mmo-team-test/server/internal/network/websocket.go:57.110,66.48 1 0
github.com/ffreville/mmo-team-test/server/internal/network/websocket.go:66.48,66.63 1 0
github.com/ffreville/mmo-team-test/server/internal/network/websocket.go:71.58,80.2 3 0
github.com/ffreville/mmo-team-test/server/internal/network/websocket.go:82.29,83.15 1 0
github.com/ffreville/mmo-team-test/server/internal/network/websocket.go:83.15,86.3 2 0
github.com/ffreville/mmo-team-test/server/internal/network/websocket.go:88.2,90.43 3 0
github.com/ffreville/mmo-team-test/server/internal/network/websocket.go:90.43,93.3 2 0
github.com/ffreville/mmo-team-test/server/internal/network/websocket.go:95.2,95.6 1 0
github.com/ffreville/mmo-team-test/server/internal/network/websocket.go:95.6,97.17 2 0
github.com/ffreville/mmo-team-test/server/internal/network/websocket.go:97.17,98.103 1 0
github.com/ffreville/mmo-team-test/server/internal/network/websocket.go:98.103,100.5 1 0
github.com/ffreville/mmo-team-test/server/internal/network/websocket.go:101.4,101.9 1 0
github.com/ffreville/mmo-team-test/server/internal/network/websocket.go:104.3,104.38 1 0
github.com/ffreville/mmo-team-test/server/internal/network/websocket.go:108.30,110.15 2 0
github.com/ffreville/mmo-team-test/server/internal/network/websocket.go:110.15,113.3 2 0
github.com/ffreville/mmo-team-test/server/internal/network/websocket.go:115.2,115.6 1 0
github.com/ffreville/mmo-team-test/server/internal/network/websocket.go:115.6,116.10 1 0
github.com/ffreville/mmo-team-test/server/internal/network/websocket.go:117.32,119.11 2 0
github.com/ffreville/mmo-team-test/server/internal/network/websocket.go:119.11,122.5 2 0
github.com/ffreville/mmo-team-test/server/internal/network/websocket.go:124.4,125.18 2 0
github.com/ffreville/mmo-team-test/server/internal/network/websocket.go:125.18,127.5 1 0
github.com/ffreville/mmo-team-test/server/internal/network/websocket.go:128.4,130.36 2 0
github.com/ffreville/mmo-team-test/server/internal/network/websocket.go:130.36,132.5 1 0
github.com/ffreville/mmo-team-test/server/internal/network/websocket.go:133.19,135.74 2 0
github.com/ffreville/mmo-team-test/server/internal/network/websocket.go:135.74,137.5 1 0
github.com/ffreville/mmo-team-test/server/internal/network/websocket.go:142.65,144.54 2 0
github.com/ffreville/mmo-team-test/server/internal/network/websocket.go:144.54,147.3 2 0
github.com/ffreville/mmo-team-test/server/internal/network/websocket.go:149.2,149.18 1 0
github.com/ffreville/mmo-team-test/server/internal/network/websocket.go:150.14,151.28 1 0
github.com/ffreville/mmo-team-test/server/internal/network/websocket.go:152.22,153.28 1 0
github.com/ffreville/mmo-team-test/server/internal/network/websocket.go:154.26,155.39 1 0
github.com/ffreville/mmo-team-test/server/internal/network/websocket.go:156.24,157.37 1 0
github.com/ffreville/mmo-team-test/server/internal/network/websocket.go:158.10,159.51 1 0
github.com/ffreville/mmo-team-test/server/internal/network/websocket.go:163.59,165.9 2 0
github.com/ffreville/mmo-team-test/server/internal/network/websocket.go:165.9,168.3 2 0
github.com/ffreville/mmo-team-test/server/internal/network/websocket.go:170.2,171.9 2 0
github.com/ffreville/mmo-team-test/server/internal/network/websocket.go:171.9,174.3 2 0
github.com/ffreville/mmo-team-test/server/internal/network/websocket.go:176.2,177.16 2 0
github.com/ffreville/mmo-team-test/server/internal/network/websocket.go:177.16,180.3 2 0
github.com/ffreville/mmo-team-test/server/internal/network/websocket.go:182.2,192.4 4 0
github.com/ffreville/mmo-team-test/server/internal/network/websocket.go:195.59,196.25 1 0
github.com/ffreville/mmo-team-test/server/internal/network/websocket.go:196.25,199.3 2 0
github.com/ffreville/mmo-team-test/server/internal/network/websocket.go:201.2,202.9 2 0
github.com/ffreville/mmo-team-test/server/internal/network/websocket.go:202.9,205.3 2 0
github.com/ffreville/mmo-team-test/server/internal/network/websocket.go:207.2,208.49 2 0
github.com/ffreville/mmo-team-test/server/internal/network/websocket.go:208.49,210.3 1 0
github.com/ffreville/mmo-team-test/server/internal/network/websocket.go:212.2,213.48 2 0
github.com/ffreville/mmo-team-test/server/internal/network/websocket.go:213.48,215.3 1 0
github.com/ffreville/mmo-team-test/server/internal/network/websocket.go:217.2,218.48 2 0
github.com/ffreville/mmo-team-test/server/internal/network/websocket.go:218.48,220.3 1 0
github.com/ffreville/mmo-team-test/server/internal/network/websocket.go:222.2,223.48 2 0
github.com/ffreville/mmo-team-test/server/internal/network/websocket.go:223.48,225.3 1 0
github.com/ffreville/mmo-team-test/server/internal/network/websocket.go:227.2,228.16 2 0
github.com/ffreville/mmo-team-test/server/internal/network/websocket.go:228.16,231.3 2 0
github.com/ffreville/mmo-team-test/server/internal/network/websocket.go:233.2,248.4 3 0
github.com/ffreville/mmo-team-test/server/internal/network/websocket.go:251.70,252.25 1 0
github.com/ffreville/mmo-team-test/server/internal/network/websocket.go:252.25,255.3 2 0
github.com/ffreville/mmo-team-test/server/internal/network/websocket.go:257.2,258.9 2 0
github.com/ffreville/mmo-team-test/server/internal/network/websocket.go:258.9,261.3 2 0
github.com/ffreville/mmo-team-test/server/internal/network/websocket.go:263.2,264.43 2 0
github.com/ffreville/mmo-team-test/server/internal/network/websocket.go:264.43,266.3 1 0
github.com/ffreville/mmo-team-test/server/internal/network/websocket.go:268.2,269.49 2 0
github.com/ffreville/mmo-team-test/server/internal/network/websocket.go:269.49,271.3 1 0
github.com/ffreville/mmo-team-test/server/internal/network/websocket.go:273.2,274.16 2 0
github.com/ffreville/mmo-team-test/server/internal/network/websocket.go:274.16,277.3 2 0
github.com/ffreville/mmo-team-test/server/internal/network/websocket.go:279.2,293.4 2 0
github.com/ffreville/mmo-team-test/server/internal/network/websocket.go:296.68,297.25 1 0
github.com/ffreville/mmo-team-test/server/internal/network/websocket.go:297.25,300.3 2 0
github.com/ffreville/mmo-team-test/server/internal/network/websocket.go:302.2,305.34 3 0
github.com/ffreville/mmo-team-test/server/internal/network/websocket.go:305.34,315.3 1 0
github.com/ffreville/mmo-team-test/server/internal/network/websocket.go:317.2,320.4 1 0
github.com/ffreville/mmo-team-test/server/internal/network/websocket.go:323.44,328.2 4 0
github.com/ffreville/mmo-team-test/server/internal/network/websocket.go:330.46,333.43 3 0
github.com/ffreville/mmo-team-test/server/internal/network/websocket.go:333.43,337.3 3 0
github.com/ffreville/mmo-team-test/server/internal/network/websocket.go:340.84,347.16 3 0
github.com/ffreville/mmo-team-test/server/internal/network/websocket.go:347.16,350.3 2 0
github.com/ffreville/mmo-team-test/server/internal/network/websocket.go:352.2,352.9 1 0
github.com/ffreville/mmo-team-test/server/internal/network/websocket.go:353.27,353.27 0 0
github.com/ffreville/mmo-team-test/server/internal/network/websocket.go:354.10,355.40 1 0
github.com/ffreville/mmo-team-test/server/internal/network/websocket.go:359.61,363.2 1 0
github.com/ffreville/mmo-team-test/server/internal/network/websocket.go:365.89,369.35 3 0
github.com/ffreville/mmo-team-test/server/internal/network/websocket.go:369.35,370.38 1 0
github.com/ffreville/mmo-team-test/server/internal/network/websocket.go:370.38,372.4 1 0
github.com/ffreville/mmo-team-test/server/internal/network/websocket.go:376.52,380.2 3 0
